<?xml version="1.0" encoding="UTF-8"?>
<!-- Generated by org.testng.reporters.JUnitReportReporter -->
<testsuite skipped="1" hostname="MOMIN" name="com.crm.qa.testcases.ContactPageTest" tests="4" failures="0" timestamp="2020-03-31T11:03:13 IST" time="29.741" errors="0">
  <testcase name="ClickNewContact" time="0.856" classname="com.crm.qa.testcases.ContactPageTest"/>
  <testcase name="verifyFirstName" time="0.002" classname="com.crm.qa.testcases.ContactPageTest"/>
  <testcase name="createNewContract" time="28.883" classname="com.crm.qa.testcases.ContactPageTest"/>
  <testcase name="verifyContactSearch" classname="com.crm.qa.testcases.ContactPageTest">
    <skipped/>
  </testcase> <!-- verifyContactSearch -->
</testsuite> <!-- com.crm.qa.testcases.ContactPageTest -->
