<?xml version="1.0" encoding="UTF-8"?>
<!-- Generated by org.testng.reporters.JUnitReportReporter -->
<testsuite skipped="0" hostname="MOMIN" name="com.crm.qa.testcases.CampaignsPageTest" tests="1" failures="0" timestamp="2020-03-04T22:18:16 PST" time="35.310" errors="0">
  <testcase name="createNewCampaign" time="35.310" classname="com.crm.qa.testcases.CampaignsPageTest"/>
</testsuite> <!-- com.crm.qa.testcases.CampaignsPageTest -->
