<?xml version="1.0" encoding="UTF-8"?>
<!-- Generated by org.testng.reporters.JUnitReportReporter -->
<testsuite skipped="0" hostname="MOMIN" name="com.crm.qa.testcases.CompaniesPageTest" tests="1" failures="0" timestamp="2020-03-02T17:19:47 PST" time="71.466" errors="0">
  <testcase name="createNewCompany" time="71.466" classname="com.crm.qa.testcases.CompaniesPageTest"/>
</testsuite> <!-- com.crm.qa.testcases.CompaniesPageTest -->
