<?xml version="1.0" encoding="UTF-8"?>
<!-- Generated by org.testng.reporters.JUnitReportReporter -->
<testsuite skipped="0" hostname="MOMIN" name="com.crm.qa.testcases.DealsPageTest" tests="1" failures="0" timestamp="2020-03-07T05:58:34 IST" time="4.789" errors="0">
  <testcase name="createNewButton" time="4.789" classname="com.crm.qa.testcases.DealsPageTest"/>
</testsuite> <!-- com.crm.qa.testcases.DealsPageTest -->
